2020-11-25 16:00:00 : INFO : validating ../laboratory/trial_02_ut/trial.yaml against ../schemas/verde_trial_schema.json
2020-11-25 16:00:00 : INFO : successfully validated
2020-11-25 16:00:00 : INFO : loading trial config from ../laboratory/trial_02_ut/trial.yaml
2020-11-25 16:00:00 : INFO : creating experiment trial_02_ut.exp_01
2020-11-25 16:00:00 : INFO : *** running trial trial_02_ut ***
2020-11-25 16:00:00 : INFO : *** running experiment trial_02_ut.exp_01 ***
2020-11-25 16:00:00 : INFO : deleting experiment output files trial_02_ut.exp_01* recursively from ../laboratory/trial_02_ut
2020-11-25 16:00:00 : INFO : validating ../schemas/verde_asc_domain_schema.json against ../schemas/verde_meta_schema.json
2020-11-25 16:00:00 : INFO : successfully validated
2020-11-25 16:00:00 : INFO : validating ../asc_data/processed/set_00/AFR_T1_ASCOF_1A_mapping.json against ../schemas/verde_asc_domain_mapping_schema.json
2020-11-25 16:00:00 : INFO : successfully validated
2020-11-25 16:00:00 : INFO : fixing csv column headers (special chars disallowed by clingo) in ../asc_data/processed/set_00/AFR_T1_ASCOF_1A.csv to ../laboratory/trial_02_ut/data/trial_02_ut.exp_01_AFR_T1_ASCOF_1A_colfix.csv
2020-11-25 16:00:00 : INFO : fixing map file column names in ../asc_data/processed/set_00/AFR_T1_ASCOF_1A_mapping.json to ../laboratory/trial_02_ut/data/trial_02_ut.exp_01_AFR_T1_ASCOF_1A_mapping_colfix.json
2020-11-25 16:00:00 : INFO : fixing query field names
2020-11-25 16:00:00 : INFO : creating baseline schema and query lp
2020-11-25 16:00:01 : INFO : writing baseline schema and query lp to ../laboratory/trial_02_ut/trial_02_ut.exp_01_baseline_schema_query.lp
2020-11-25 16:00:01 : INFO : creating verde rules lp based on ../schemas/verde_asc_domain_schema.json and ../laboratory/trial_02_ut/data/trial_02_ut.exp_01_AFR_T1_ASCOF_1A_mapping_colfix.json
2020-11-25 16:00:01 : WARNING : verde rule_01_causal_relationships is disabled in config
2020-11-25 16:00:01 : INFO : applying verde rule 02 (data precision))
2020-11-25 16:00:01 : INFO : preference is Gross_Total_Expenditure_x1000 on x and Social_care_related_quality_of_life_score_All on size
2020-11-25 16:00:01 : INFO : preference is Gross_Total_Expenditure_x1000 on x and Social_care_related_quality_of_life_score_All on color
2020-11-25 16:00:01 : INFO : preference is Gross_Total_Expenditure_x1000 on y and Social_care_related_quality_of_life_score_All on size
2020-11-25 16:00:01 : INFO : preference is Gross_Total_Expenditure_x1000 on y and Social_care_related_quality_of_life_score_All on color
2020-11-25 16:00:01 : INFO : preference is Gross_Total_Expenditure_x1000 on size and Social_care_related_quality_of_life_score_All on color
2020-11-25 16:00:01 : INFO : preference is Support_provided_to_carers_during_the_year on x and Social_care_related_quality_of_life_score_All on size
2020-11-25 16:00:01 : INFO : preference is Support_provided_to_carers_during_the_year on x and Social_care_related_quality_of_life_score_All on color
2020-11-25 16:00:01 : INFO : preference is Support_provided_to_carers_during_the_year on y and Social_care_related_quality_of_life_score_All on size
2020-11-25 16:00:01 : INFO : preference is Support_provided_to_carers_during_the_year on y and Social_care_related_quality_of_life_score_All on color
2020-11-25 16:00:01 : INFO : preference is Support_provided_to_carers_during_the_year on size and Social_care_related_quality_of_life_score_All on color
2020-11-25 16:00:01 : INFO : loading rule template file ../asp/verde_rule_templates/rule_02_precision.lpt
2020-11-25 16:00:01 : WARNING : verde rule_03_ordinal_sort is disabled in config
2020-11-25 16:00:01 : WARNING : verde rule_04_entity_colours is disabled in config
2020-11-25 16:00:01 : INFO : writing verde full schema and query lp to ../laboratory/trial_02_ut/trial_02_ut.exp_01_verde_schema_query.lp
2020-11-25 16:00:01 : INFO : getting baseline draco visualisations for trial_02_ut.exp_01
2020-11-25 16:00:01 : INFO : writing baseline full lp to ../laboratory/trial_02_ut/trial_02_ut.exp_01_baseline_full.lp
2020-11-25 16:00:01 : INFO : running draco for baseline
2020-11-25 16:00:01 : INFO : processing results
2020-11-25 16:00:08 : INFO : writing vega-lite specs
2020-11-25 16:00:08 : INFO : writing baseline vega-lite specs to ../laboratory/trial_02_ut/vegalite
2020-11-25 16:00:08 : INFO : writing baseline results to ../laboratory/trial_02_ut/trial_02_ut.exp_01_baseline_results.json
2020-11-25 16:00:08 : INFO : getting verde draco visualisations for trial_02_ut.exp_01 with verde base lp override
2020-11-25 16:00:08 : INFO : overrode 3 base lp files and added 0 lp files
2020-11-25 16:00:08 : INFO : writing verde full lp to ../laboratory/trial_02_ut/trial_02_ut.exp_01_verde_full.lp
2020-11-25 16:00:08 : INFO : running draco for verde
2020-11-25 16:00:08 : INFO : processing results
2020-11-25 16:00:15 : INFO : writing vega-lite specs
2020-11-25 16:00:15 : INFO : writing verde vega-lite specs to ../laboratory/trial_02_ut/vegalite
2020-11-25 16:00:15 : INFO : writing verde results to ../laboratory/trial_02_ut/trial_02_ut.exp_01_verde_results.json
2020-11-25 16:00:15 : INFO : writing concatenated vega-lite spec to ../laboratory/trial_02_ut/vegalite/trial_02_ut.exp_01_view_all_vl.json
2020-11-25 16:00:15 : INFO : validating ../laboratory/trial_02_ut/vegalite/trial_02_ut.exp_01_view_all_vl.json against ../schemas/vega_lite_v3_schema.json
2020-11-25 16:00:15 : INFO : successfully validated
2020-11-25 16:00:15 : INFO : writing vega-embed for the concatenated spec to ../laboratory/trial_02_ut/vegalite/trial_02_ut.exp_01_view_all_vl.json
2020-11-25 16:00:15 : INFO : 9 matching visualisations between baseline and verde 45.0%
2020-11-25 16:00:15 : INFO : 11 baseline visualisations not in verde
2020-11-25 16:00:15 : INFO : 11 verde visualisations not in verde
2020-11-25 16:00:15 : INFO : writing comparison matches to ../laboratory/trial_02_ut/vegalite/trial_02_ut.exp_01_view_compare_match.csv
2020-11-25 16:00:15 : INFO : writing comparison models to ../laboratory/trial_02_ut/vegalite/trial_02_ut.exp_01_view_compare_model.csv
2020-11-25 16:00:15 : INFO : writing comparison violations to ../laboratory/trial_02_ut/vegalite/trial_02_ut.exp_01_view_compare_violations.csv
2020-11-25 16:00:15 : INFO : writing comparison props to ../laboratory/trial_02_ut/vegalite/trial_02_ut.exp_01_view_compare_props.csv
2020-11-25 16:00:16 : INFO : writing comparison visualisation to ../laboratory/trial_02_ut/vegalite/trial_02_ut.exp_01_view_compare.html
2020-11-25 16:00:16 : INFO : Comparing outputs against regression baseline in ../laboratory/trial_02_ut
2020-11-25 16:00:16 : INFO : comparing files in trial root directory
2020-11-25 16:00:16 : INFO : comparing files in trial vegalite sub-directory
2020-11-25 16:00:16 : INFO : comparing files in trial data sub-directory
2020-11-25 16:00:16 : INFO : Completed experiments ['trial_02_ut.exp_01']
